\BOOKMARK [1][-]{section.1}{Exercise 2.1:\(Linear dependence: example\) }{}% 1
\BOOKMARK [1][-]{section.2}{Exercise 2.2: \(Matrix represetations: example\)}{}% 2
\BOOKMARK [1][-]{section.3}{復習1:\(表現行列の定義\)}{}% 3
\BOOKMARK [1][-]{section.4}{Exercise 2.3: \(Matrix representation for operator products\)}{}% 4
\BOOKMARK [1][-]{section.5}{Exercise 2.4: \(Matrix representation for identity\)}{}% 5
\BOOKMARK [1][-]{section.6}{Exercise 2.6:}{}% 6
\BOOKMARK [1][-]{section.7}{復習2\(内積演算子、外積表現\)}{}% 7
\BOOKMARK [1][-]{section.8}{Exercise 2.7:}{}% 8
\BOOKMARK [1][-]{section.9}{Exercise2.8:}{}% 9
\BOOKMARK [1][-]{section.10}{復習3:\(Pauli operators\)}{}% 10
\BOOKMARK [1][-]{section.11}{Exercise 2.9:\(Pauli operators and the outer product\)}{}% 11
\BOOKMARK [1][-]{section.12}{Exercise 2.10:}{}% 12
\BOOKMARK [1][-]{section.13}{Exercise 2.11:\(Eigendecomposition of the Pauli matrices\)}{}% 13
\BOOKMARK [1][-]{section.14}{Exercise 2.12:}{}% 14
\BOOKMARK [1][-]{section.15}{Exercise 2.13:}{}% 15
\BOOKMARK [1][-]{section.16}{Exercise 2.14:\(Anti-linearity of the adjoint\)}{}% 16
\BOOKMARK [1][-]{section.17}{Exercise 2.15:}{}% 17
\BOOKMARK [1][-]{section.18}{Exercise 2.16:}{}% 18
\BOOKMARK [1][-]{section.19}{復習4\(正規行列の性質\):}{}% 19
\BOOKMARK [1][-]{section.20}{Exercise2.17:}{}% 20
\BOOKMARK [1][-]{section.21}{Exercise 2.18:}{}% 21
\BOOKMARK [1][-]{section.22}{Exercise2.19:\(Pauli matrices: Hermitian and unitary\)}{}% 22
\BOOKMARK [1][-]{section.23}{Exercise 2.20:\(Basis changes\)}{}% 23
\BOOKMARK [1][-]{section.24}{復習5:スペクトル分解\(本文p.72\)}{}% 24
\BOOKMARK [1][-]{section.25}{Exercise 2.21:}{}% 25
\BOOKMARK [1][-]{section.26}{appendix}{}% 26
