This is e-upTeX, Version 3.14159265-p3.7.1-u1.22-161114-2.6 (utf8.uptex) (TeX Live 2017/Debian) (preloaded format=uplatex 2018.8.1)  4 AUG 2018 14:00
entering extended mode
 restricted \write18 enabled.
 %&-line parsing enabled.
**ex2_5.tex
(./ex2_5.tex
pLaTeX2e <2017/10/28u01>+4 (based on LaTeX2e <2017-04-15>)
Babel <3.18> and hyphenation patterns for 26 language(s) loaded.
! Undefined control sequence.
l.1 {\Large
            Exercise 2.5:}
? 

! LaTeX Error: Missing \begin{document}.

See the LaTeX manual or LaTeX Companion for explanation.
Type  H <return>  for immediate help.
 ...                                              
                                                  
l.1 {\Large E
             xercise 2.5:}
? 
LaTeX Font Info:    External font `cmex10' loaded for size
(Font)              <7> on input line 2.
LaTeX Font Info:    External font `cmex10' loaded for size
(Font)              <5> on input line 2.
! Undefined control sequence.
l.2 ...just defined is an inner product on \mathbb
                                                  {C^n}
? 
! Missing $ inserted.
<inserted text> 
                $
l.2 ...t defined is an inner product on \mathbb{C^
                                                  n}
? 
! Extra }, or forgotten $.
l.2 ...defined is an inner product on \mathbb{C^n}
                                                  
? 
)
*
! Missing $ inserted.
<inserted text> 
                $
<*> 
    
? 

Overfull \hbox (56.0556pt too wide) in paragraph at lines 1--0
[]\OT1/cmr/m/n/10 Exercise
 []


Overfull \hbox (15.5556pt too wide) in paragraph at lines 1--0
\OT1/cmr/m/n/10 2.5:
 []


Overfull \hbox (18.36111pt too wide) in paragraph at lines 1--0
\OT1/cmr/m/n/10 Ver-
 []


Overfull \hbox (11.11116pt too wide) in paragraph at lines 1--0
\OT1/cmr/m/n/10 ify
 []


Overfull \hbox (18.33339pt too wide) in paragraph at lines 1--0
\OT1/cmr/m/n/10 that
 []


Overfull \hbox (17.77779pt too wide) in paragraph at lines 1--0
\OT1/cmr/m/n/10 (\OMS/cmsy/m/n/10 ^^A\OML/cmm/m/it/10 ; \OMS/cmsy/m/n/10 ^^A\OT
1/cmr/m/n/10 )$
 []


Overfull \hbox (16.44449pt too wide) in paragraph at lines 1--0
\OT1/cmr/m/n/10 just
 []


Overfull \hbox (13.33334pt too wide) in paragraph at lines 1--0
\OT1/cmr/m/n/10 de-
 []


Overfull \hbox (21.11116pt too wide) in paragraph at lines 1--0
\OT1/cmr/m/n/10 fined
 []


Overfull \hbox (6.72223pt too wide) in paragraph at lines 1--0
\OT1/cmr/m/n/10 is
 []


Overfull \hbox (10.55559pt too wide) in paragraph at lines 1--0
\OT1/cmr/m/n/10 an
 []


Overfull \hbox (11.66669pt too wide) in paragraph at lines 1--0
\OT1/cmr/m/n/10 in-
 []


Overfull \hbox (13.91669pt too wide) in paragraph at lines 1--0
\OT1/cmr/m/n/10 ner
 []


Overfull \hbox (23.63895pt too wide) in paragraph at lines 1--0
\OT1/cmr/m/n/10 prod-
 []


Overfull \hbox (13.88892pt too wide) in paragraph at lines 1--0
\OT1/cmr/m/n/10 uct
 []


Overfull \hbox (10.55559pt too wide) in paragraph at lines 1--0
\OT1/cmr/m/n/10 on
 []


Overfull \hbox (12.66556pt too wide) in paragraph at lines 1--0
\OT1/cmr/m/n/10 C$[]$ 
 []

(Please type a command or say `\end')
*
(Please type a command or say `\end')
*
(Please type a command or say `\end')
*
(Please type a command or say `\end')
*\end

*
! Interruption.
<*> 
    
? 
Runaway argument?
! Paragraph ended before \end was complete.
<to be read again> 
                   \par 
<*> 
    
? 
(Please type a command or say `\end')
*
(Please type a command or say `\end')
*\end

*'\end'

! LaTeX Error: \begin{document} ended by \end{'}.

See the LaTeX manual or LaTeX Companion for explanation.
Type  H <return>  for immediate help.
 ...                                              
                                                  
<*> '
     \end'
? 
! Missing } inserted.
<inserted text> 
                }
<*> '
     \end'
? 
! Extra \endgroup.
<recently read> \endgroup 
                          
<*> '
     \end'
? 

! LaTeX Error: \begin{document} ended by \end{'}.

See the LaTeX manual or LaTeX Companion for explanation.
Type  H <return>  for immediate help.
 ...                                   